0 info it worked if it ends with ok
1 verbose cli [ '/usr/bin/node', '/usr/bin/npm', 'run', 'compile' ]
2 info using npm@3.10.10
3 info using node@v6.11.4
4 verbose run-script [ 'precompile', 'compile', 'postcompile' ]
5 info lifecycle skyscanner-game@1.0.0~precompile: skyscanner-game@1.0.0
6 silly lifecycle skyscanner-game@1.0.0~precompile: no script for precompile, continuing
7 info lifecycle skyscanner-game@1.0.0~compile: skyscanner-game@1.0.0
8 verbose lifecycle skyscanner-game@1.0.0~compile: unsafe-perm in lifecycle true
9 verbose lifecycle skyscanner-game@1.0.0~compile: PATH: /usr/lib/node_modules/npm/bin/node-gyp-bin:/home/alix/Documents/Lauzhack2017/lauzhack/node_modules/.bin:/usr/local/bin:/usr/local/sbin:/usr/bin:/usr/sbin:/home/alix/bin:/usr/local/java/jdk1.8.0_121/bin:/home/alix/.local/bin:/home/alix/bin
10 verbose lifecycle skyscanner-game@1.0.0~compile: CWD: /home/alix/Documents/Lauzhack2017/lauzhack
11 silly lifecycle skyscanner-game@1.0.0~compile: Args: [ '-c',
11 silly lifecycle   'tsc --outDir ./build --module commonjs ./static/js/*.ts' ]
12 silly lifecycle skyscanner-game@1.0.0~compile: Returned: code: 2  signal: null
13 info lifecycle skyscanner-game@1.0.0~compile: Failed to exec compile script
14 verbose stack Error: skyscanner-game@1.0.0 compile: `tsc --outDir ./build --module commonjs ./static/js/*.ts`
14 verbose stack Exit status 2
14 verbose stack     at EventEmitter.<anonymous> (/usr/lib/node_modules/npm/lib/utils/lifecycle.js:255:16)
14 verbose stack     at emitTwo (events.js:106:13)
14 verbose stack     at EventEmitter.emit (events.js:191:7)
14 verbose stack     at ChildProcess.<anonymous> (/usr/lib/node_modules/npm/lib/utils/spawn.js:40:14)
14 verbose stack     at emitTwo (events.js:106:13)
14 verbose stack     at ChildProcess.emit (events.js:191:7)
14 verbose stack     at maybeClose (internal/child_process.js:920:16)
14 verbose stack     at Process.ChildProcess._handle.onexit (internal/child_process.js:230:5)
15 verbose pkgid skyscanner-game@1.0.0
16 verbose cwd /home/alix/Documents/Lauzhack2017/lauzhack
17 error Linux 4.13.10-200.fc26.x86_64
18 error argv "/usr/bin/node" "/usr/bin/npm" "run" "compile"
19 error node v6.11.4
20 error npm  v3.10.10
21 error code ELIFECYCLE
22 error skyscanner-game@1.0.0 compile: `tsc --outDir ./build --module commonjs ./static/js/*.ts`
22 error Exit status 2
23 error Failed at the skyscanner-game@1.0.0 compile script 'tsc --outDir ./build --module commonjs ./static/js/*.ts'.
23 error Make sure you have the latest version of node.js and npm installed.
23 error If you do, this is most likely a problem with the skyscanner-game package,
23 error not with npm itself.
23 error Tell the author that this fails on your system:
23 error     tsc --outDir ./build --module commonjs ./static/js/*.ts
23 error You can get information on how to open an issue for this project with:
23 error     npm bugs skyscanner-game
23 error Or if that isn't available, you can get their info via:
23 error     npm owner ls skyscanner-game
23 error There is likely additional logging output above.
24 verbose exit [ 1, true ]
